git: 71880d7da280d7a3e4eb5091547925f2bcb51614
┏━━━━━━┳━━━━━━━━┳━━━━━━━┳━━━━━━━━━━━━━━━┓
┃ Test ┃ Failed ┃ Total ┃          Time ┃
┡━━━━━━╇━━━━━━━━╇━━━━━━━╇━━━━━━━━━━━━━━━┩
│ 2A   │      0 │  2000 │  15.87 ± 0.61 │
│ 2B   │      0 │  2000 │  51.76 ± 1.39 │
│ 2C   │      0 │  2000 │ 132.97 ± 3.94 │
│ 2D   │      0 │  2000 │ 221.27 ± 6.20 │
└──────┴────────┴───────┴───────────────┘


git: ec2ab9e2e341444b617470b51987312570e77629
Failed test 2C - log/2C_1102.log
Failed test 2D - log/2D_1609.log
Failed test 2C - log/2C_2204.log
Failed test 2C - log/2C_4210.log
Failed test 2D - log/2D_5713.log
┏━━━━━━┳━━━━━━━━┳━━━━━━━┳━━━━━━━━━━━━━━━━┓
┃ Test ┃ Failed ┃ Total ┃           Time ┃
┡━━━━━━╇━━━━━━━━╇━━━━━━━╇━━━━━━━━━━━━━━━━┩
│ 2A   │      0 │  2000 │   19.05 ± 1.08 │
│ 2B   │      0 │  2000 │   41.37 ± 1.47 │
│ 2C   │      3 │  2000 │ 136.26 ± 18.44 │
│ 2D   │      2 │  2000 │  192.00 ± 4.92 │
└──────┴────────┴───────┴────────────────

git:b411e84d1c17263746491a3c94faf2a91628ce
│ 2A   │      0 │  3000 │  16.62 ± 0.60 │  
│ 2B   │      0 │  3000 │  31.34 ± 1.37 │   
│ 2C   │      0 │  3000 │ 128.24 ± 4.05 │   
│ 2D   │      4 │  3000 │ 153.89 ± 3.78 │    
└──────┴────────┴───────┴───────────────┘
